Build started 2/12/2020 8:41:00 PM.
     1>Project "D:\Desktop-data\Visual Studio\Năm 1\NewCaro\NewCaro\NewCaro.vcxproj" on node 2 (Build target(s)).
     1>ClCompile:
         C:\Program Files (x86)\Microsoft Visual Studio 14.0\VC\bin\CL.exe /c /ZI /nologo /W3 /WX- /sdl /Od /Oy- /D _MBCS /Gm /EHsc /RTC1 /MDd /GS /fp:precise /Zc:wchar_t /Zc:forScope /Zc:inline /Fo"Debug\\" /Fd"Debug\vc140.pdb" /Gd /TP /analyze- /errorReport:prompt Libs.cpp Paint.cpp Process.cpp Source.cpp
         Source.cpp
     1>d:\desktop-data\visual studio\năm 1\newcaro\newcaro\source.cpp(7): warning C4244: 'argument': conversion from 'time_t' to 'unsigned int', possible loss of data
         Process.cpp
         Paint.cpp
         Libs.cpp
     1>d:\desktop-data\visual studio\năm 1\newcaro\newcaro\libs.cpp(36): warning C4838: conversion from 'int' to 'SHORT' requires a narrowing conversion
         Generating Code...
       Link:
         C:\Program Files (x86)\Microsoft Visual Studio 14.0\VC\bin\link.exe /ERRORREPORT:PROMPT /OUT:"D:\Desktop-data\Visual Studio\Năm 1\NewCaro\Debug\NewCaro.exe" /INCREMENTAL /NOLOGO kernel32.lib user32.lib gdi32.lib winspool.lib comdlg32.lib advapi32.lib shell32.lib ole32.lib oleaut32.lib uuid.lib odbc32.lib odbccp32.lib /MANIFEST /MANIFESTUAC:"level='asInvoker' uiAccess='false'" /manifest:embed /Debug /PDB:"D:\Desktop-data\Visual Studio\Năm 1\NewCaro\Debug\NewCaro.pdb" /TLBID:1 /DYNAMICBASE /NXCOMPAT /IMPLIB:"D:\Desktop-data\Visual Studio\Năm 1\NewCaro\Debug\NewCaro.lib" /MACHINE:X86 Debug\Libs.obj
         Debug\Paint.obj
         Debug\Process.obj
         Debug\Source.obj
         NewCaro.vcxproj -> D:\Desktop-data\Visual Studio\Năm 1\NewCaro\Debug\NewCaro.exe
     1>Done Building Project "D:\Desktop-data\Visual Studio\Năm 1\NewCaro\NewCaro\NewCaro.vcxproj" (Build target(s)).

Build succeeded.

Time Elapsed 00:00:04.63
